Info: Starting: Create block symbol file (.bsf)
Info: ip-generate --project-directory="/afs/ualberta.ca/home/b/e/benkhale/Documents/ECE 492/Capstone/hardware/niosII_microc_capstone/scripts/" --output-directory="/afs/ualberta.ca/home/b/e/benkhale/Documents/ECE 492/Capstone/hardware/niosII_microc_capstone/scripts/niosII_system/" --report-file="bsf:/afs/ualberta.ca/home/b/e/benkhale/Documents/ECE 492/Capstone/hardware/niosII_microc_capstone/scripts/niosII_system.bsf" --system-info=DEVICE_FAMILY="Cyclone II" --system-info=DEVICE=EP2C35F672C6 --system-info=DEVICE_SPEEDGRADE=6 --component-file="/afs/ualberta.ca/home/b/e/benkhale/Documents/ECE 492/Capstone/hardware/niosII_microc_capstone/scripts/niosII_system.qsys"
Progress: Loading scripts/niosII_system.qsys
Progress: Reading input file
Progress: Adding clk_0 [clock_source 12.1]
Progress: Parameterizing module clk_0
Progress: Adding nios2_qsys_0 [altera_nios2_qsys 12.1]
Progress: Parameterizing module nios2_qsys_0
Progress: Adding onchip_memory2_0 [altera_avalon_onchip_memory2 12.1]
Progress: Parameterizing module onchip_memory2_0
Progress: Adding sysid_qsys_0 [altera_avalon_sysid_qsys 12.1]
Progress: Parameterizing module sysid_qsys_0
Progress: Adding timer_0 [altera_avalon_timer 12.1]
Progress: Parameterizing module timer_0
Progress: Adding jtag_uart_0 [altera_avalon_jtag_uart 12.1]
Progress: Parameterizing module jtag_uart_0
Progress: Adding character_lcd_0 [altera_up_avalon_character_lcd 12.0]
Progress: Parameterizing module character_lcd_0
Progress: Adding sram_0 [altera_up_avalon_sram 12.0]
Progress: Parameterizing module sram_0
Progress: Adding DM9000A_IF_0 [DM9000A_IF 1.0]
Progress: Parameterizing module DM9000A_IF_0
Progress: Adding up_clocks_0 [altera_up_clocks 12.0]
Progress: Parameterizing module up_clocks_0
Progress: Adding video_pixel_buffer_dma_0 [altera_up_avalon_video_pixel_buffer_dma 12.0]
Progress: Parameterizing module video_pixel_buffer_dma_0
Progress: Adding video_rgb_resampler_0 [altera_up_avalon_video_rgb_resampler 12.0]
Progress: Parameterizing module video_rgb_resampler_0
Progress: Adding video_scaler_0 [altera_up_avalon_video_scaler 12.0]
Progress: Parameterizing module video_scaler_0
Progress: Adding video_vga_controller_0 [altera_up_avalon_video_vga_controller 12.0]
Progress: Parameterizing module video_vga_controller_0
Progress: Adding Altera_UP_SD_Card_Avalon_Interface_0 [Altera_UP_SD_Card_Avalon_Interface 1.0]
Progress: Parameterizing module Altera_UP_SD_Card_Avalon_Interface_0
Progress: Adding video_dual_clock_buffer_0 [altera_up_avalon_video_dual_clock_buffer 12.0]
Progress: Parameterizing module video_dual_clock_buffer_0
Progress: Adding sdram_0 [altera_avalon_new_sdram_controller 12.1]
Progress: Parameterizing module sdram_0
Progress: Building connections
Progress: Parameterizing connections
Progress: Validating
Progress: Done reading input file
Info: niosII_system.onchip_memory2_0: Memory will be initialized from onchip_memory2_0.hex
Info: niosII_system.sysid_qsys_0: System ID is not assigned automatically. Edit the System ID parameter to provide a unique ID
Info: niosII_system.sysid_qsys_0: Time stamp will be automatically updated when this component is generated.
Info: niosII_system.video_rgb_resampler_0: RGB Resampling: 8 (bits) x 1 (planes) -> 10 (bits) x 3 (planes)
Info: niosII_system.video_scaler_0: Change in Resolution: 640 x 240 -> 320 x 240
Info: niosII_system.video_vga_controller_0: Video Output Stream: Format: 640 x 480 with Color: 10 (bits) x 3 (planes)
Info: ip-generate succeeded.
Info: Finished: Create block symbol file (.bsf)
Info: 
Info: Starting: Create HDL design files for synthesis
Info: ip-generate --project-directory="/afs/ualberta.ca/home/b/e/benkhale/Documents/ECE 492/Capstone/hardware/niosII_microc_capstone/scripts/" --output-directory="/afs/ualberta.ca/home/b/e/benkhale/Documents/ECE 492/Capstone/hardware/niosII_microc_capstone/scripts/niosII_system/synthesis/" --file-set=QUARTUS_SYNTH --report-file="sopcinfo:/afs/ualberta.ca/home/b/e/benkhale/Documents/ECE 492/Capstone/hardware/niosII_microc_capstone/scripts/niosII_system.sopcinfo" --report-file="html:/afs/ualberta.ca/home/b/e/benkhale/Documents/ECE 492/Capstone/hardware/niosII_microc_capstone/scripts/niosII_system.html" --report-file="qip:/afs/ualberta.ca/home/b/e/benkhale/Documents/ECE 492/Capstone/hardware/niosII_microc_capstone/scripts/niosII_system/synthesis/niosII_system.qip" --report-file="cmp:/afs/ualberta.ca/home/b/e/benkhale/Documents/ECE 492/Capstone/hardware/niosII_microc_capstone/scripts/niosII_system.cmp" --system-info=DEVICE_FAMILY="Cyclone II" --system-info=DEVICE=EP2C35F672C6 --system-info=DEVICE_SPEEDGRADE=6 --component-file="/afs/ualberta.ca/home/b/e/benkhale/Documents/ECE 492/Capstone/hardware/niosII_microc_capstone/scripts/niosII_system.qsys"
Progress: Loading scripts/niosII_system.qsys
Progress: Reading input file
Progress: Adding clk_0 [clock_source 12.1]
Progress: Parameterizing module clk_0
Progress: Adding nios2_qsys_0 [altera_nios2_qsys 12.1]
Progress: Parameterizing module nios2_qsys_0
Progress: Adding onchip_memory2_0 [altera_avalon_onchip_memory2 12.1]
Progress: Parameterizing module onchip_memory2_0
Progress: Adding sysid_qsys_0 [altera_avalon_sysid_qsys 12.1]
Progress: Parameterizing module sysid_qsys_0
Progress: Adding timer_0 [altera_avalon_timer 12.1]
Progress: Parameterizing module timer_0
Progress: Adding jtag_uart_0 [altera_avalon_jtag_uart 12.1]
Progress: Parameterizing module jtag_uart_0
Progress: Adding character_lcd_0 [altera_up_avalon_character_lcd 12.0]
Progress: Parameterizing module character_lcd_0
Progress: Adding sram_0 [altera_up_avalon_sram 12.0]
Progress: Parameterizing module sram_0
Progress: Adding DM9000A_IF_0 [DM9000A_IF 1.0]
Progress: Parameterizing module DM9000A_IF_0
Progress: Adding up_clocks_0 [altera_up_clocks 12.0]
Progress: Parameterizing module up_clocks_0
Progress: Adding video_pixel_buffer_dma_0 [altera_up_avalon_video_pixel_buffer_dma 12.0]
Progress: Parameterizing module video_pixel_buffer_dma_0
Progress: Adding video_rgb_resampler_0 [altera_up_avalon_video_rgb_resampler 12.0]
Progress: Parameterizing module video_rgb_resampler_0
Progress: Adding video_scaler_0 [altera_up_avalon_video_scaler 12.0]
Progress: Parameterizing module video_scaler_0
Progress: Adding video_vga_controller_0 [altera_up_avalon_video_vga_controller 12.0]
Progress: Parameterizing module video_vga_controller_0
Progress: Adding Altera_UP_SD_Card_Avalon_Interface_0 [Altera_UP_SD_Card_Avalon_Interface 1.0]
Progress: Parameterizing module Altera_UP_SD_Card_Avalon_Interface_0
Progress: Adding video_dual_clock_buffer_0 [altera_up_avalon_video_dual_clock_buffer 12.0]
Progress: Parameterizing module video_dual_clock_buffer_0
Progress: Adding sdram_0 [altera_avalon_new_sdram_controller 12.1]
Progress: Parameterizing module sdram_0
Progress: Building connections
Progress: Parameterizing connections
Progress: Validating
Progress: Done reading input file
Info: niosII_system.onchip_memory2_0: Memory will be initialized from onchip_memory2_0.hex
Info: niosII_system.sysid_qsys_0: System ID is not assigned automatically. Edit the System ID parameter to provide a unique ID
Info: niosII_system.sysid_qsys_0: Time stamp will be automatically updated when this component is generated.
Info: niosII_system.video_rgb_resampler_0: RGB Resampling: 8 (bits) x 1 (planes) -> 10 (bits) x 3 (planes)
Info: niosII_system.video_scaler_0: Change in Resolution: 640 x 240 -> 320 x 240
Info: niosII_system.video_vga_controller_0: Video Output Stream: Format: 640 x 480 with Color: 10 (bits) x 3 (planes)
Info: niosII_system: Generating niosII_system "niosII_system" for QUARTUS_SYNTH
Info: pipeline_bridge_swap_transform: After transform: 17 modules, 92 connections
Info: No custom instruction connections, skipping transform 
Info: merlin_translator_transform: After transform: 31 modules, 162 connections
Info: merlin_domain_transform: After transform: 58 modules, 381 connections
Info: merlin_router_transform: After transform: 72 modules, 451 connections
Info: merlin_traffic_limiter_transform: After transform: 75 modules, 469 connections
Info: merlin_burst_transform: After transform: 86 modules, 524 connections
Info: reset_adaptation_transform: After transform: 89 modules, 338 connections
Info: merlin_network_to_switch_transform: After transform: 116 modules, 400 connections
Info: merlin_width_transform: After transform: 130 modules, 442 connections
Info: Inserting clock-crossing logic between cmd_xbar_demux_001.src7 and cmd_xbar_mux_007.sink0
Info: Inserting clock-crossing logic between rsp_xbar_demux_007.src0 and rsp_xbar_mux_001.sink7
Info: com_altera_sopcmodel_transforms_avalon_ClockCrossingTransform: After transform: 132 modules, 452 connections
Info: limiter_update_transform: After transform: 132 modules, 455 connections
Info: merlin_interrupt_mapper_transform: After transform: 133 modules, 458 connections
Info: merlin_interrupt_sync_transform: After transform: 134 modules, 463 connections
Info: nios2_qsys_0: Starting RTL generation for module 'niosII_system_nios2_qsys_0'
Info: nios2_qsys_0:   Generation command is [exec /OPT/altera/12.1/quartus/../ip/altera/nios2_ip/altera_nios2/eperl -I /OPT/altera/12.1/quartus/common/ip/altera/common/perl/5.8.3 -I /OPT/altera/12.1/quartus/sopc_builder/bin/europa -I /OPT/altera/12.1/quartus/sopc_builder/bin/perl_lib -I /OPT/altera/12.1/quartus/sopc_builder/bin -I /OPT/altera/12.1/quartus/../ip/altera/nios2_ip/altera_nios2/cpu_lib -I /OPT/altera/12.1/quartus/../ip/altera/nios2_ip/altera_nios2/nios_lib -I /OPT/altera/12.1/quartus/../ip/altera/nios2_ip/altera_nios2 -I /OPT/altera/12.1/quartus/../ip/altera/nios2_ip/altera_nios2 -- /OPT/altera/12.1/quartus/../ip/altera/nios2_ip/altera_nios2/generate_rtl.epl --name=niosII_system_nios2_qsys_0 --dir=/tmp/alt7202_4225108759342829989.dir/0004_nios2_qsys_0_gen/ --quartus_dir=/OPT/altera/12.1/quartus --verilog --config=/tmp/alt7202_4225108759342829989.dir/0004_nios2_qsys_0_gen//niosII_system_nios2_qsys_0_processor_configuration.pl  --do_build_sim=0    --bogus  ]
Info: nios2_qsys_0: # 2017.02.05 11:37:34 (*) Starting Nios II generation
Info: nios2_qsys_0: # 2017.02.05 11:37:34 (*)   Checking for plaintext license.
Info: nios2_qsys_0: # 2017.02.05 11:37:34 (*)   Couldn't query license setup in Quartus directory /OPT/altera/12.1/quartus
Info: nios2_qsys_0: # 2017.02.05 11:37:34 (*)   Defaulting to contents of LM_LICENSE_FILE environment variable
Info: nios2_qsys_0: # 2017.02.05 11:37:34 (*)   Plaintext license not found.
Info: nios2_qsys_0: # 2017.02.05 11:37:34 (*)   Checking for encrypted license (non-evaluation).
Info: nios2_qsys_0: # 2017.02.05 11:37:35 (*)   Couldn't query license setup in Quartus directory /OPT/altera/12.1/quartus
Info: nios2_qsys_0: # 2017.02.05 11:37:35 (*)   Defaulting to contents of LM_LICENSE_FILE environment variable
Info: nios2_qsys_0: # 2017.02.05 11:37:35 (*)   Encrypted license found.  SOF will not be time-limited.
Info: nios2_qsys_0: # 2017.02.05 11:37:35 (*)   Elaborating CPU configuration settings
Info: nios2_qsys_0: # 2017.02.05 11:37:35 (*)   Creating all objects for CPU
Info: nios2_qsys_0: # 2017.02.05 11:37:35 (*)     Testbench
Info: nios2_qsys_0: # 2017.02.05 11:37:36 (*)     Instruction decoding
Info: nios2_qsys_0: # 2017.02.05 11:37:36 (*)       Instruction fields
Info: nios2_qsys_0: # 2017.02.05 11:37:36 (*)       Instruction decodes
Info: nios2_qsys_0: # 2017.02.05 11:37:36 (*)       Signals for RTL simulation waveforms
Info: nios2_qsys_0: # 2017.02.05 11:37:36 (*)       Instruction controls
Info: nios2_qsys_0: # 2017.02.05 11:37:36 (*)     Pipeline frontend
Info: nios2_qsys_0: # 2017.02.05 11:37:36 (*)     Pipeline backend
Info: nios2_qsys_0: # 2017.02.05 11:37:39 (*)   Generating RTL from CPU objects
Info: nios2_qsys_0: # 2017.02.05 11:37:42 (*)   Creating encrypted RTL
Info: nios2_qsys_0: # 2017.02.05 11:37:43 (*) Done Nios II generation
Info: nios2_qsys_0: Done RTL generation for module 'niosII_system_nios2_qsys_0'
Info: nios2_qsys_0: "niosII_system" instantiated altera_nios2_qsys "nios2_qsys_0"
Info: Starting classic module elaboration.
"/OPT/altera/12.1/quartus/linux/jre/bin/java" -Xmx512M -classpath "/OPT/altera/12.1/quartus/sopc_builder/bin/sopc_builder.jar:/OPT/altera/12.1/quartus/sopc_builder/bin/PinAssigner.jar:/OPT/altera/12.1/quartus/sopc_builder/bin/sopc_wizard.jar:/OPT/altera/12.1/quartus/sopc_builder/bin/jptf.jar" sopc_builder.sopc_builder  -d"/OPT/altera/12.1/quartus/sopc_builder" -notalkback=1 -projectnameyysystem.qpf -projectpath/tmp/alt7202_4225108759342829989.dir/0005_sopclgen  --no_splash --refresh /tmp/alt7202_4225108759342829989.dir/0005_sopclgen/yysystem.v --quartus_dir="/OPT/altera/12.1/quartus" --sopc_perl="/OPT/altera/12.1/quartus/linux/perl" --sopc_lib_path="++/OPT/altera/12.1/quartus/../ip/altera/sopc_builder_ip+/OPT/altera/12.1/quartus/../ip/altera/nios2_ip"
(java:19108): Gtk-WARNING **: Unable to locate theme engine in module_path: "adwaita",
(java:19108): Gtk-WARNING **: Unable to locate theme engine in module_path: "adwaita",
Gtk-Message: Failed to load module "pk-gtk-module"
Gtk-Message: Failed to load module "canberra-gtk-module"
Info: Finished elaborating classic module.
Executing: /OPT/altera/12.1/quartus//sopc_builder/bin/sopc_builder --classic --generate /tmp/alt7202_4225108759342829989.dir/0005_sopclgen/yysystem.ptf
Info: Running sopc_builder...
"/OPT/altera/12.1/quartus//linux/jre/bin/java" -Xmx512M -classpath "/OPT/altera/12.1/quartus//sopc_builder/bin/sopc_builder.jar:/OPT/altera/12.1/quartus//sopc_builder/bin/PinAssigner.jar:/OPT/altera/12.1/quartus//sopc_builder/bin/sopc_wizard.jar:/OPT/altera/12.1/quartus//sopc_builder/bin/jptf.jar" sopc_builder.sopc_builder  -d"/OPT/altera/12.1/quartus//sopc_builder" -notalkback=1 -projectnameyysystem.qpf -projectpath/tmp/alt7202_4225108759342829989.dir/0005_sopclgen  --generate /tmp/alt7202_4225108759342829989.dir/0005_sopclgen/yysystem.v --quartus_dir="/OPT/altera/12.1/quartus/" --sopc_perl="/OPT/altera/12.1/quartus//linux/perl" --sopc_lib_path="++/OPT/altera/12.1/quartus//../ip/altera/sopc_builder_ip+/OPT/altera/12.1/quartus//../ip/altera/nios2_ip"
(java:19142): Gtk-WARNING **: Unable to locate theme engine in module_path: "adwaita",
(java:19142): Gtk-WARNING **: Unable to locate theme engine in module_path: "adwaita",
Gtk-Message: Failed to load module "pk-gtk-module"
Gtk-Message: Failed to load module "canberra-gtk-module"
.
# 2017.02.05 11:37:46 (*) Success: sopc_builder finished.
Info: onchip_memory2_0: "niosII_system" instantiated altera_avalon_onchip_memory2 "onchip_memory2_0"
Info: sysid_qsys_0: "niosII_system" instantiated altera_avalon_sysid_qsys "sysid_qsys_0"
Info: Starting classic module elaboration.
"/OPT/altera/12.1/quartus/linux/jre/bin/java" -Xmx512M -classpath "/OPT/altera/12.1/quartus/sopc_builder/bin/sopc_builder.jar:/OPT/altera/12.1/quartus/sopc_builder/bin/PinAssigner.jar:/OPT/altera/12.1/quartus/sopc_builder/bin/sopc_wizard.jar:/OPT/altera/12.1/quartus/sopc_builder/bin/jptf.jar" sopc_builder.sopc_builder  -d"/OPT/altera/12.1/quartus/sopc_builder" -notalkback=1 -projectnameyysystem.qpf -projectpath/tmp/alt7202_4225108759342829989.dir/0007_sopclgen  --no_splash --refresh /tmp/alt7202_4225108759342829989.dir/0007_sopclgen/yysystem.v --quartus_dir="/OPT/altera/12.1/quartus" --sopc_perl="/OPT/altera/12.1/quartus/linux/perl" --sopc_lib_path="++/OPT/altera/12.1/quartus/../ip/altera/sopc_builder_ip+/OPT/altera/12.1/quartus/../ip/altera/nios2_ip"
(java:19188): Gtk-WARNING **: Unable to locate theme engine in module_path: "adwaita",
(java:19188): Gtk-WARNING **: Unable to locate theme engine in module_path: "adwaita",
Gtk-Message: Failed to load module "pk-gtk-module"
Gtk-Message: Failed to load module "canberra-gtk-module"
Info: Finished elaborating classic module.
Executing: /OPT/altera/12.1/quartus//sopc_builder/bin/sopc_builder --classic --generate /tmp/alt7202_4225108759342829989.dir/0007_sopclgen/yysystem.ptf
Info: Running sopc_builder...
"/OPT/altera/12.1/quartus//linux/jre/bin/java" -Xmx512M -classpath "/OPT/altera/12.1/quartus//sopc_builder/bin/sopc_builder.jar:/OPT/altera/12.1/quartus//sopc_builder/bin/PinAssigner.jar:/OPT/altera/12.1/quartus//sopc_builder/bin/sopc_wizard.jar:/OPT/altera/12.1/quartus//sopc_builder/bin/jptf.jar" sopc_builder.sopc_builder  -d"/OPT/altera/12.1/quartus//sopc_builder" -notalkback=1 -projectnameyysystem.qpf -projectpath/tmp/alt7202_4225108759342829989.dir/0007_sopclgen  --generate /tmp/alt7202_4225108759342829989.dir/0007_sopclgen/yysystem.v --quartus_dir="/OPT/altera/12.1/quartus/" --sopc_perl="/OPT/altera/12.1/quartus//linux/perl" --sopc_lib_path="++/OPT/altera/12.1/quartus//../ip/altera/sopc_builder_ip+/OPT/altera/12.1/quartus//../ip/altera/nios2_ip"
(java:19231): Gtk-WARNING **: Unable to locate theme engine in module_path: "adwaita",
(java:19231): Gtk-WARNING **: Unable to locate theme engine in module_path: "adwaita",
Gtk-Message: Failed to load module "pk-gtk-module"
Gtk-Message: Failed to load module "canberra-gtk-module"
.
# 2017.02.05 11:37:50 (*) Success: sopc_builder finished.
Info: timer_0: "niosII_system" instantiated altera_avalon_timer "timer_0"
Info: Starting classic module elaboration.
"/OPT/altera/12.1/quartus/linux/jre/bin/java" -Xmx512M -classpath "/OPT/altera/12.1/quartus/sopc_builder/bin/sopc_builder.jar:/OPT/altera/12.1/quartus/sopc_builder/bin/PinAssigner.jar:/OPT/altera/12.1/quartus/sopc_builder/bin/sopc_wizard.jar:/OPT/altera/12.1/quartus/sopc_builder/bin/jptf.jar" sopc_builder.sopc_builder  -d"/OPT/altera/12.1/quartus/sopc_builder" -notalkback=1 -projectnameyysystem.qpf -projectpath/tmp/alt7202_4225108759342829989.dir/0008_sopclgen  --no_splash --refresh /tmp/alt7202_4225108759342829989.dir/0008_sopclgen/yysystem.v --quartus_dir="/OPT/altera/12.1/quartus" --sopc_perl="/OPT/altera/12.1/quartus/linux/perl" --sopc_lib_path="++/OPT/altera/12.1/quartus/../ip/altera/sopc_builder_ip+/OPT/altera/12.1/quartus/../ip/altera/nios2_ip"
(java:19277): Gtk-WARNING **: Unable to locate theme engine in module_path: "adwaita",
(java:19277): Gtk-WARNING **: Unable to locate theme engine in module_path: "adwaita",
Gtk-Message: Failed to load module "pk-gtk-module"
Gtk-Message: Failed to load module "canberra-gtk-module"
Info: Finished elaborating classic module.
Executing: /OPT/altera/12.1/quartus//sopc_builder/bin/sopc_builder --classic --generate /tmp/alt7202_4225108759342829989.dir/0008_sopclgen/yysystem.ptf
Info: Running sopc_builder...
"/OPT/altera/12.1/quartus//linux/jre/bin/java" -Xmx512M -classpath "/OPT/altera/12.1/quartus//sopc_builder/bin/sopc_builder.jar:/OPT/altera/12.1/quartus//sopc_builder/bin/PinAssigner.jar:/OPT/altera/12.1/quartus//sopc_builder/bin/sopc_wizard.jar:/OPT/altera/12.1/quartus//sopc_builder/bin/jptf.jar" sopc_builder.sopc_builder  -d"/OPT/altera/12.1/quartus//sopc_builder" -notalkback=1 -projectnameyysystem.qpf -projectpath/tmp/alt7202_4225108759342829989.dir/0008_sopclgen  --generate /tmp/alt7202_4225108759342829989.dir/0008_sopclgen/yysystem.v --quartus_dir="/OPT/altera/12.1/quartus/" --sopc_perl="/OPT/altera/12.1/quartus//linux/perl" --sopc_lib_path="++/OPT/altera/12.1/quartus//../ip/altera/sopc_builder_ip+/OPT/altera/12.1/quartus//../ip/altera/nios2_ip"
(java:19320): Gtk-WARNING **: Unable to locate theme engine in module_path: "adwaita",
(java:19320): Gtk-WARNING **: Unable to locate theme engine in module_path: "adwaita",
Gtk-Message: Failed to load module "pk-gtk-module"
Gtk-Message: Failed to load module "canberra-gtk-module"
.
# 2017.02.05 11:37:54 (*) Success: sopc_builder finished.
Info: jtag_uart_0: "niosII_system" instantiated altera_avalon_jtag_uart "jtag_uart_0"
Info: character_lcd_0: Starting Generation of Character LCD
Info: character_lcd_0: "niosII_system" instantiated altera_up_avalon_character_lcd "character_lcd_0"
Info: sram_0: Starting Generation of SRAM or SSRAM Controller
Info: sram_0: "niosII_system" instantiated altera_up_avalon_sram "sram_0"
Info: DM9000A_IF_0: "niosII_system" instantiated DM9000A_IF "DM9000A_IF_0"
Info: up_clocks_0: Starting Generation of Required Clocks for DE-Series Boards
Info: up_clocks_0: "niosII_system" instantiated altera_up_clocks "up_clocks_0"
Info: video_pixel_buffer_dma_0: Starting Generation of VGA Pixel Buffer
Info: video_pixel_buffer_dma_0: "niosII_system" instantiated altera_up_avalon_video_pixel_buffer_dma "video_pixel_buffer_dma_0"
Info: video_rgb_resampler_0: Starting Generation of Video RGB Resampler
Info: video_rgb_resampler_0: "niosII_system" instantiated altera_up_avalon_video_rgb_resampler "video_rgb_resampler_0"
Info: video_scaler_0: Starting Generation of Video Scaler
Info: video_scaler_0: "niosII_system" instantiated altera_up_avalon_video_scaler "video_scaler_0"
Info: video_vga_controller_0: Starting Generation of VGA Controller
Info: video_vga_controller_0: "niosII_system" instantiated altera_up_avalon_video_vga_controller "video_vga_controller_0"
Info: Altera_UP_SD_Card_Avalon_Interface_0: "niosII_system" instantiated Altera_UP_SD_Card_Avalon_Interface "Altera_UP_SD_Card_Avalon_Interface_0"
Info: video_dual_clock_buffer_0: Starting Generation of the Dual Clock Buffer
Info: video_dual_clock_buffer_0: "niosII_system" instantiated altera_up_avalon_video_dual_clock_buffer "video_dual_clock_buffer_0"
Info: Starting classic module elaboration.
"/OPT/altera/12.1/quartus/linux/jre/bin/java" -Xmx512M -classpath "/OPT/altera/12.1/quartus/sopc_builder/bin/sopc_builder.jar:/OPT/altera/12.1/quartus/sopc_builder/bin/PinAssigner.jar:/OPT/altera/12.1/quartus/sopc_builder/bin/sopc_wizard.jar:/OPT/altera/12.1/quartus/sopc_builder/bin/jptf.jar" sopc_builder.sopc_builder  -d"/OPT/altera/12.1/quartus/sopc_builder" -notalkback=1 -projectnameyysystem.qpf -projectpath/tmp/alt7202_4225108759342829989.dir/0017_sopclgen  --no_splash --refresh /tmp/alt7202_4225108759342829989.dir/0017_sopclgen/yysystem.v --quartus_dir="/OPT/altera/12.1/quartus" --sopc_perl="/OPT/altera/12.1/quartus/linux/perl" --sopc_lib_path="++/OPT/altera/12.1/quartus/../ip/altera/sopc_builder_ip+/OPT/altera/12.1/quartus/../ip/altera/nios2_ip"
(java:19375): Gtk-WARNING **: Unable to locate theme engine in module_path: "adwaita",
(java:19375): Gtk-WARNING **: Unable to locate theme engine in module_path: "adwaita",
Gtk-Message: Failed to load module "pk-gtk-module"
Gtk-Message: Failed to load module "canberra-gtk-module"
Info: Finished elaborating classic module.
Executing: /OPT/altera/12.1/quartus//sopc_builder/bin/sopc_builder --classic --generate /tmp/alt7202_4225108759342829989.dir/0017_sopclgen/yysystem.ptf
Info: Running sopc_builder...
"/OPT/altera/12.1/quartus//linux/jre/bin/java" -Xmx512M -classpath "/OPT/altera/12.1/quartus//sopc_builder/bin/sopc_builder.jar:/OPT/altera/12.1/quartus//sopc_builder/bin/PinAssigner.jar:/OPT/altera/12.1/quartus//sopc_builder/bin/sopc_wizard.jar:/OPT/altera/12.1/quartus//sopc_builder/bin/jptf.jar" sopc_builder.sopc_builder  -d"/OPT/altera/12.1/quartus//sopc_builder" -notalkback=1 -projectnameyysystem.qpf -projectpath/tmp/alt7202_4225108759342829989.dir/0017_sopclgen  --generate /tmp/alt7202_4225108759342829989.dir/0017_sopclgen/yysystem.v --quartus_dir="/OPT/altera/12.1/quartus/" --sopc_perl="/OPT/altera/12.1/quartus//linux/perl" --sopc_lib_path="++/OPT/altera/12.1/quartus//../ip/altera/sopc_builder_ip+/OPT/altera/12.1/quartus//../ip/altera/nios2_ip"
(java:19409): Gtk-WARNING **: Unable to locate theme engine in module_path: "adwaita",
(java:19409): Gtk-WARNING **: Unable to locate theme engine in module_path: "adwaita",
Gtk-Message: Failed to load module "pk-gtk-module"
Gtk-Message: Failed to load module "canberra-gtk-module"
.
.
# 2017.02.05 11:37:59 (*) Running Test Generator Program for niosII_system_sdram_0
# 2017.02.05 11:38:00 (*) Success: sopc_builder finished.
Info: sdram_0: "niosII_system" instantiated altera_avalon_new_sdram_controller "sdram_0"
Info: nios2_qsys_0_instruction_master_translator: "niosII_system" instantiated altera_merlin_master_translator "nios2_qsys_0_instruction_master_translator"
Info: nios2_qsys_0_jtag_debug_module_translator: "niosII_system" instantiated altera_merlin_slave_translator "nios2_qsys_0_jtag_debug_module_translator"
Info: nios2_qsys_0_instruction_master_translator_avalon_universal_master_0_agent: "niosII_system" instantiated altera_merlin_master_agent "nios2_qsys_0_instruction_master_translator_avalon_universal_master_0_agent"
Info: nios2_qsys_0_jtag_debug_module_translator_avalon_universal_slave_0_agent: "niosII_system" instantiated altera_merlin_slave_agent "nios2_qsys_0_jtag_debug_module_translator_avalon_universal_slave_0_agent"
Info: nios2_qsys_0_jtag_debug_module_translator_avalon_universal_slave_0_agent_rsp_fifo: "niosII_system" instantiated altera_avalon_sc_fifo "nios2_qsys_0_jtag_debug_module_translator_avalon_universal_slave_0_agent_rsp_fifo"
Info: addr_router: "niosII_system" instantiated altera_merlin_router "addr_router"
Info: addr_router_001: "niosII_system" instantiated altera_merlin_router "addr_router_001"
Info: addr_router_002: "niosII_system" instantiated altera_merlin_router "addr_router_002"
Info: id_router: "niosII_system" instantiated altera_merlin_router "id_router"
Info: id_router_002: "niosII_system" instantiated altera_merlin_router "id_router_002"
Info: id_router_003: "niosII_system" instantiated altera_merlin_router "id_router_003"
Info: id_router_004: "niosII_system" instantiated altera_merlin_router "id_router_004"
Info: id_router_008: "niosII_system" instantiated altera_merlin_router "id_router_008"
Info: id_router_010: "niosII_system" instantiated altera_merlin_router "id_router_010"
Info: limiter: "niosII_system" instantiated altera_merlin_traffic_limiter "limiter"
Info: burst_adapter: "niosII_system" instantiated altera_merlin_burst_adapter "burst_adapter"
Info: rst_controller: "niosII_system" instantiated altera_reset_controller "rst_controller"
Info: cmd_xbar_demux: "niosII_system" instantiated altera_merlin_demultiplexer "cmd_xbar_demux"
Info: cmd_xbar_demux_001: "niosII_system" instantiated altera_merlin_demultiplexer "cmd_xbar_demux_001"
Info: cmd_xbar_demux_002: "niosII_system" instantiated altera_merlin_demultiplexer "cmd_xbar_demux_002"
Info: cmd_xbar_mux: "niosII_system" instantiated altera_merlin_multiplexer "cmd_xbar_mux"
Info: cmd_xbar_mux_002: "niosII_system" instantiated altera_merlin_multiplexer "cmd_xbar_mux_002"
Info: Reusing file /afs/ualberta.ca/home/b/e/benkhale/Documents/ECE 492/Capstone/hardware/niosII_microc_capstone/scripts/niosII_system/synthesis/submodules/altera_merlin_arbitrator.sv
Info: cmd_xbar_mux_003: "niosII_system" instantiated altera_merlin_multiplexer "cmd_xbar_mux_003"
Info: Reusing file /afs/ualberta.ca/home/b/e/benkhale/Documents/ECE 492/Capstone/hardware/niosII_microc_capstone/scripts/niosII_system/synthesis/submodules/altera_merlin_arbitrator.sv
Info: rsp_xbar_demux: "niosII_system" instantiated altera_merlin_demultiplexer "rsp_xbar_demux"
Info: rsp_xbar_demux_002: "niosII_system" instantiated altera_merlin_demultiplexer "rsp_xbar_demux_002"
Info: rsp_xbar_demux_003: "niosII_system" instantiated altera_merlin_demultiplexer "rsp_xbar_demux_003"
Info: rsp_xbar_demux_004: "niosII_system" instantiated altera_merlin_demultiplexer "rsp_xbar_demux_004"
Info: rsp_xbar_demux_008: "niosII_system" instantiated altera_merlin_demultiplexer "rsp_xbar_demux_008"
Info: rsp_xbar_mux: "niosII_system" instantiated altera_merlin_multiplexer "rsp_xbar_mux"
Info: Reusing file /afs/ualberta.ca/home/b/e/benkhale/Documents/ECE 492/Capstone/hardware/niosII_microc_capstone/scripts/niosII_system/synthesis/submodules/altera_merlin_arbitrator.sv
Info: rsp_xbar_mux_001: "niosII_system" instantiated altera_merlin_multiplexer "rsp_xbar_mux_001"
Info: Reusing file /afs/ualberta.ca/home/b/e/benkhale/Documents/ECE 492/Capstone/hardware/niosII_microc_capstone/scripts/niosII_system/synthesis/submodules/altera_merlin_arbitrator.sv
Info: rsp_xbar_mux_002: "niosII_system" instantiated altera_merlin_multiplexer "rsp_xbar_mux_002"
Info: Reusing file /afs/ualberta.ca/home/b/e/benkhale/Documents/ECE 492/Capstone/hardware/niosII_microc_capstone/scripts/niosII_system/synthesis/submodules/altera_merlin_arbitrator.sv
Info: width_adapter: "niosII_system" instantiated altera_merlin_width_adapter "width_adapter"
Info: Reusing file /afs/ualberta.ca/home/b/e/benkhale/Documents/ECE 492/Capstone/hardware/niosII_microc_capstone/scripts/niosII_system/synthesis/submodules/altera_merlin_burst_uncompressor.sv
Info: Reusing file /afs/ualberta.ca/home/b/e/benkhale/Documents/ECE 492/Capstone/hardware/niosII_microc_capstone/scripts/niosII_system/synthesis/submodules/altera_merlin_address_alignment.sv
Info: crosser: "niosII_system" instantiated altera_avalon_st_handshake_clock_crosser "crosser"
Info: Reusing file /afs/ualberta.ca/home/b/e/benkhale/Documents/ECE 492/Capstone/hardware/niosII_microc_capstone/scripts/niosII_system/synthesis/submodules/altera_avalon_st_pipeline_base.v
Info: irq_mapper: "niosII_system" instantiated altera_irq_mapper "irq_mapper"
Info: irq_synchronizer: "niosII_system" instantiated altera_irq_clock_crosser "irq_synchronizer"
Info: niosII_system: Done niosII_system" with 52 modules, 228 files, 4816053 bytes
Info: ip-generate succeeded.
Info: Finished: Create HDL design files for synthesis
